<?xml version="1.0" encoding="UTF-8"?>
<!-- Generated by org.testng.reporters.JUnitXMLReporter -->
<testsuite hostname="Ramachandra" ignored="0" name="CreditCard" tests="3" failures="0" timestamp="06 Oct 2019 11:23:49 GMT" time="0.017" errors="0">
  <testcase name="creditcard_Web" time="0.002" classname="TestNg_2.CreditCard"/>
  <testcase name="creditcard_api" time="0.001" classname="TestNg_2.CreditCard"/>
  <testcase name="creditcard_mobile" time="0.001" classname="TestNg_2.CreditCard"/>
</testsuite> <!-- CreditCard -->
