<?xml version="1.0" encoding="UTF-8"?>
<!-- Generated by org.testng.reporters.JUnitXMLReporter -->
<testsuite hostname="Ramachandra" ignored="3" name="Loans" tests="9" failures="0" timestamp="06 Oct 2019 11:23:49 GMT" time="0.175" errors="0">
  <testcase name="carLoan_api" time="0.011" classname="testNg_practice.Carloan"/>
  <testcase name="carLoan_web" time="0.005" classname="testNg_practice.Carloan"/>
  <testcase name="homeLoan_mobile" time="0.003" classname="testNg_practice.Homeloan"/>
  <testcase name="personalLoan_api" time="0.005" classname="testNg_practice.PersonalLoan"/>
  <testcase name="personalLoan_mobile" time="0.011" classname="testNg_practice.PersonalLoan"/>
  <testcase name="personalLoan_web" time="0.003" classname="testNg_practice.PersonalLoan"/>
  <testcase name="TwowheelerLoan_api" time="0.002" classname="testNg_practice.TwowheelerLoan"/>
  <testcase name="TwowheelerLoan_mobile" time="0.004" classname="testNg_practice.TwowheelerLoan"/>
  <testcase name="TwowheelerLoan_web" time="0.009" classname="testNg_practice.TwowheelerLoan"/>
  <testcase name="homeLoan_api" time="0.0" classname="testNg_practice.Homeloan">
    <ignored/>
  </testcase> <!-- homeLoan_api -->
  <testcase name="carLoan_mobile" time="0.0" classname="testNg_practice.Carloan">
    <ignored/>
  </testcase> <!-- carLoan_mobile -->
  <testcase name="homeLoan_web" time="0.0" classname="testNg_practice.Homeloan">
    <ignored/>
  </testcase> <!-- homeLoan_web -->
</testsuite> <!-- Loans -->
