<?xml version="1.0" encoding="UTF-8"?>
<!-- Generated by org.testng.reporters.JUnitXMLReporter -->
<testsuite hostname="Ramachandra" ignored="0" name="vehicleloans" tests="3" failures="0" timestamp="05 Oct 2019 16:11:08 GMT" time="0.016" errors="0">
  <testcase name="TwowheelerLoan_api" time="0.0" classname="testNg_practice.TwowheelerLoan"/>
  <testcase name="TwowheelerLoan_mobile" time="0.0" classname="testNg_practice.TwowheelerLoan"/>
  <testcase name="TwowheelerLoan_web" time="0.0" classname="testNg_practice.TwowheelerLoan"/>
</testsuite> <!-- vehicleloans -->
