<?xml version="1.0" encoding="UTF-8"?>
<!-- Generated by org.testng.reporters.JUnitXMLReporter -->
<testsuite hostname="Ramachandra" ignored="0" name="DemoTest" tests="5" failures="0" timestamp="10 Aug 2019 12:53:14 GMT" time="0.091" errors="0">
  <testcase name="apiLogin" time="0.016" classname="basics_TestNg.Login_module"/>
  <testcase name="mobileLogin" time="0.005" classname="basics_TestNg.Login_module"/>
  <testcase name="webLogin" time="0.004" classname="basics_TestNg.Login_module"/>
  <testcase name="apiLogout" time="0.005" classname="basics_TestNg.Logout_module"/>
  <testcase name="webLogout" time="0.002" classname="basics_TestNg.Logout_module"/>
</testsuite> <!-- DemoTest -->
