<?xml version="1.0" encoding="UTF-8"?>
<!-- Generated by org.testng.reporters.JUnitXMLReporter -->
<testsuite hostname="Ramachandra" ignored="0" name="Test" tests="3" failures="0" timestamp="2019-10-12T22:13:40 IST" time="0.093" errors="0">
  <testcase name="opration" time="0.0" classname="Website.SuturdayOffers.Operation"/>
  <testcase name="login" time="0.0" classname="Website.SuturdayOffers.LoginTest"/>
  <testcase name="logout" time="0.0" classname="Website.SuturdayOffers.LogoutTest"/>
</testsuite> <!-- Test -->
