<?xml version="1.0" encoding="UTF-8"?>
<!-- Generated by org.testng.reporters.JUnitXMLReporter -->
<testsuite hostname="Ramachandra" ignored="0" name="Default test" tests="3" failures="0" timestamp="10 Aug 2019 12:45:52 GMT" time="0.116" errors="0">
  <testcase name="apiLogin" time="0.034" classname="basics_TestNg.Login_module"/>
  <testcase name="mobileLogin" time="0.008" classname="basics_TestNg.Login_module"/>
  <testcase name="webLogin" time="0.003" classname="basics_TestNg.Login_module"/>
</testsuite> <!-- Default test -->
