<?xml version="1.0" encoding="UTF-8"?>
<!-- Generated by org.testng.reporters.JUnitXMLReporter -->
<testsuite hostname="Ramachandra" ignored="0" name="Default test" tests="3" failures="0" timestamp="03 Nov 2019 11:42:09 GMT" time="0.093" errors="0">
  <testcase name="getdata" time="0.016" classname="testNg_dataprovider.Dataprovider"/>
  <testcase name="getdata" time="0.0" classname="testNg_dataprovider.Dataprovider"/>
  <testcase name="getdata" time="0.016" classname="testNg_dataprovider.Dataprovider"/>
</testsuite> <!-- Default test -->
