<?xml version="1.0" encoding="UTF-8"?>
<!-- Generated by org.testng.reporters.JUnitXMLReporter -->
<testsuite hostname="Ramachandra" ignored="0" name="Surefire test" tests="3" failures="0" timestamp="2019-10-12T19:13:00 IST" time="0.1" errors="0">
  <testcase name="login" time="0.012" classname="Website.SuturdayOffers.LoginTest"/>
  <testcase name="logout" time="0.0" classname="Website.SuturdayOffers.LogoutTest"/>
  <testcase name="opration" time="0.001" classname="Website.SuturdayOffers.OperationTest"/>
</testsuite> <!-- Surefire test -->
